c:\cppprojects\cppgaming\cppgaming\x64\debug\vc143.pdb
c:\cppprojects\cppgaming\cppgaming\x64\debug\vc143.idb
c:\cppprojects\cppgaming\cppgaming\x64\debug\helper.obj
c:\cppprojects\cppgaming\cppgaming\x64\debug\cppgaming.obj
c:\cppprojects\cppgaming\cppgaming\x64\debug\cppgaming.ilk
c:\cppprojects\cppgaming\x64\debug\cppgaming.pdb
c:\cppprojects\cppgaming\cppgaming\x64\debug\cppgaming.tlog\cl.command.1.tlog
c:\cppprojects\cppgaming\cppgaming\x64\debug\cppgaming.tlog\cl.items.tlog
c:\cppprojects\cppgaming\cppgaming\x64\debug\cppgaming.tlog\cl.read.1.tlog
c:\cppprojects\cppgaming\cppgaming\x64\debug\cppgaming.tlog\cl.write.1.tlog
c:\cppprojects\cppgaming\cppgaming\x64\debug\cppgaming.tlog\link-cvtres.read.1.tlog
c:\cppprojects\cppgaming\cppgaming\x64\debug\cppgaming.tlog\link-cvtres.write.1.tlog
c:\cppprojects\cppgaming\cppgaming\x64\debug\cppgaming.tlog\link-rc.read.1.tlog
c:\cppprojects\cppgaming\cppgaming\x64\debug\cppgaming.tlog\link-rc.write.1.tlog
c:\cppprojects\cppgaming\cppgaming\x64\debug\cppgaming.tlog\link.6460-cvtres.read.1.tlog
c:\cppprojects\cppgaming\cppgaming\x64\debug\cppgaming.tlog\link.6460-cvtres.write.1.tlog
c:\cppprojects\cppgaming\cppgaming\x64\debug\cppgaming.tlog\link.6460-rc.read.1.tlog
c:\cppprojects\cppgaming\cppgaming\x64\debug\cppgaming.tlog\link.6460-rc.write.1.tlog
c:\cppprojects\cppgaming\cppgaming\x64\debug\cppgaming.tlog\link.6460.read.1.tlog
c:\cppprojects\cppgaming\cppgaming\x64\debug\cppgaming.tlog\link.6460.read.2.tlog
c:\cppprojects\cppgaming\cppgaming\x64\debug\cppgaming.tlog\link.6460.read.3.tlog
c:\cppprojects\cppgaming\cppgaming\x64\debug\cppgaming.tlog\link.6460.read.4.tlog
c:\cppprojects\cppgaming\cppgaming\x64\debug\cppgaming.tlog\link.6460.read.5.tlog
c:\cppprojects\cppgaming\cppgaming\x64\debug\cppgaming.tlog\link.6460.write.1.tlog
c:\cppprojects\cppgaming\cppgaming\x64\debug\cppgaming.tlog\link.command.1.tlog
c:\cppprojects\cppgaming\cppgaming\x64\debug\cppgaming.tlog\link.read.1.tlog
c:\cppprojects\cppgaming\cppgaming\x64\debug\cppgaming.tlog\link.read.2.tlog
c:\cppprojects\cppgaming\cppgaming\x64\debug\cppgaming.tlog\link.read.3.tlog
c:\cppprojects\cppgaming\cppgaming\x64\debug\cppgaming.tlog\link.read.4.tlog
c:\cppprojects\cppgaming\cppgaming\x64\debug\cppgaming.tlog\link.read.5.tlog
c:\cppprojects\cppgaming\cppgaming\x64\debug\cppgaming.tlog\link.read.6.tlog
c:\cppprojects\cppgaming\cppgaming\x64\debug\cppgaming.tlog\link.secondary.1.tlog
c:\cppprojects\cppgaming\cppgaming\x64\debug\cppgaming.tlog\link.write.1.tlog
